<?xml version="1.0" encoding="UTF-8"?>
<testsuite name="ohtu.matkakortti.KassapaateTest" tests="4" skipped="0" failures="0" errors="0" timestamp="2020-11-23T10:04:39" hostname="lx8-fuxi122" time="0.799">
  <properties/>
  <testcase name="kortiltaVelotetaanHintaJosRahaaOn" classname="ohtu.matkakortti.KassapaateTest" time="0.787"/>
  <testcase name="kortilleLadataanOikeaSummaRahaaJosSummaPOsitiivinen" classname="ohtu.matkakortti.KassapaateTest" time="0.003"/>
  <testcase name="kortilleEiLadataRahaaJosSummaNegatiivinen" classname="ohtu.matkakortti.KassapaateTest" time="0.002"/>
  <testcase name="kortiltaEiVelotetaJosRahaEiRiita" classname="ohtu.matkakortti.KassapaateTest" time="0.004"/>
  <system-out><![CDATA[]]></system-out>
  <system-err><![CDATA[]]></system-err>
</testsuite>
