<?xml version="1.0" encoding="UTF-8"?>
<testsuite name="ohtu.verkkokauppa.KauppaTest" tests="5" skipped="0" failures="0" errors="0" timestamp="2020-11-23T10:31:40" hostname="lx8-fuxi122" time="0.874">
  <properties/>
  <testcase name="kahdenSamanOstoksenJälkeenTilisiirtoaKutsutaanOikein" classname="ohtu.verkkokauppa.KauppaTest" time="0.861"/>
  <testcase name="ostoksenPaaytyttyaPankinMetodiaTilisiirtoKutsutaanOikeillaParametreilla" classname="ohtu.verkkokauppa.KauppaTest" time="0.004"/>
  <testcase name="ostoksenPaaytyttyaPankinMetodiaTilisiirtoKutsutaan" classname="ohtu.verkkokauppa.KauppaTest" time="0.002"/>
  <testcase name="kahdenEriOstoksenJälkeenTilisiirtoaKutsutaanOikein" classname="ohtu.verkkokauppa.KauppaTest" time="0.002"/>
  <testcase name="saatavillaOlevanJaLoppuunmyydynOstoksenJalkeenTilisiirtoaKutsutaanOikein" classname="ohtu.verkkokauppa.KauppaTest" time="0.003"/>
  <system-out><![CDATA[]]></system-out>
  <system-err><![CDATA[]]></system-err>
</testsuite>
